<?xml version="1.0" encoding="UTF-8"?>
<!-- Generated by org.testng.reporters.JUnitReportReporter -->
<testsuite hostname="DESKTOP-PS2M7AV" failures="0" tests="8" name="cucumberOptions.TestNGRunner" time="0.523" errors="0" timestamp="2024-10-13T12:33:41 IST" skipped="0">
  <testcase classname="cucumberOptions.TestNGRunner" name="runScenario" time="0.050"/>
  <testcase classname="cucumberOptions.TestNGRunner" name="runScenario" time="0.258"/>
  <testcase classname="cucumberOptions.TestNGRunner" name="runScenario" time="0.038"/>
  <testcase classname="cucumberOptions.TestNGRunner" name="runScenario" time="0.028"/>
  <testcase classname="cucumberOptions.TestNGRunner" name="runScenario" time="0.035"/>
  <testcase classname="cucumberOptions.TestNGRunner" name="runScenario" time="0.051"/>
  <testcase classname="cucumberOptions.TestNGRunner" name="runScenario" time="0.031"/>
  <testcase classname="cucumberOptions.TestNGRunner" name="runScenario" time="0.032"/>
</testsuite> <!-- cucumberOptions.TestNGRunner -->
